2024-09-16 15:37:26.257 [info] [main] Log level: Info
2024-09-16 15:37:26.257 [info] [main] Validating found git in: "git"
2024-09-16 15:37:26.257 [info] [main] Using git "2.34.1" from "git"
2024-09-16 15:37:26.257 [info] [Model][doInitialScan] Initial repository scan started
2024-09-16 15:37:26.257 [info] > git rev-parse --show-toplevel [5ms]
2024-09-16 15:37:26.258 [info] > git rev-parse --git-dir --git-common-dir [2ms]
2024-09-16 15:37:26.278 [info] [Model][openRepository] Opened repository: /home/husky/lab-1b-RichyRich20795
2024-09-16 15:37:26.290 [info] > git rev-parse --show-toplevel [3ms]
2024-09-16 15:37:26.292 [info] > git config --get commit.template [7ms]
2024-09-16 15:37:26.298 [info] > git rev-parse --show-toplevel [4ms]
2024-09-16 15:37:26.302 [info] > git for-each-ref --format=%(refname)%00%(upstream:short)%00%(objectname)%00%(upstream:track)%00%(upstream:remotename)%00%(upstream:remoteref) refs/heads/master refs/remotes/master [5ms]
2024-09-16 15:37:26.303 [info] > git rev-parse --show-toplevel [2ms]
2024-09-16 15:37:26.309 [info] [Model][doInitialScan] Initial repository scan completed - repositories (1), closed repositories (0), parent repositories (0), unsafe repositories (0)
2024-09-16 15:37:26.324 [info] > git status -z -uall [6ms]
2024-09-16 15:37:26.341 [info] > git for-each-ref --format=%(refname)%00%(upstream:short)%00%(objectname)%00%(upstream:track)%00%(upstream:remotename)%00%(upstream:remoteref) refs/heads/master refs/remotes/master [13ms]
2024-09-16 15:37:26.347 [info] > git config --get commit.template [5ms]
2024-09-16 15:37:26.347 [info] > git config --local branch.master.vscode-merge-base [3ms]
2024-09-16 15:37:26.356 [info] > git for-each-ref --format=%(refname)%00%(upstream:short)%00%(objectname)%00%(upstream:track)%00%(upstream:remotename)%00%(upstream:remoteref) refs/heads/master refs/remotes/master [3ms]
2024-09-16 15:37:26.356 [info] > git for-each-ref --format=%(refname)%00%(upstream:short)%00%(objectname)%00%(upstream:track)%00%(upstream:remotename)%00%(upstream:remoteref) refs/heads/origin/master refs/remotes/origin/master [6ms]
2024-09-16 15:37:26.364 [info] > git merge-base refs/heads/master refs/remotes/origin/master [3ms]
2024-09-16 15:37:26.369 [info] > git status -z -uall [6ms]
2024-09-16 15:37:26.378 [info] > git for-each-ref --format=%(refname)%00%(upstream:short)%00%(objectname)%00%(upstream:track)%00%(upstream:remotename)%00%(upstream:remoteref) refs/heads/master refs/remotes/master [3ms]
2024-09-16 15:37:26.381 [info] > git rev-list --count --left-right refs/heads/master...refs/remotes/origin/master [13ms]
2024-09-16 15:37:26.387 [info] > git config --local branch.master.vscode-merge-base [7ms]
2024-09-16 15:37:26.392 [info] > git diff --name-status -z --diff-filter=ADMR aaa5488cd4daaf7411eecf3885b60c24fbaee0a3...refs/remotes/origin/master [7ms]
2024-09-16 15:37:26.393 [info] > git for-each-ref --format=%(refname)%00%(upstream:short)%00%(objectname)%00%(upstream:track)%00%(upstream:remotename)%00%(upstream:remoteref) refs/heads/origin/master refs/remotes/origin/master [2ms]
2024-09-16 15:37:26.602 [info] > git show --textconv :src/index.html [5ms]
2024-09-16 15:37:26.603 [info] > git ls-files --stage -- /home/husky/lab-1b-RichyRich20795/src/index.html [3ms]
2024-09-16 15:37:26.609 [info] > git cat-file -s 8700f7e31f23fecdf4bdb7a06f45b73a09fa2f8a [2ms]
2024-09-16 15:37:26.826 [info] > git check-ignore -v -z --stdin [1ms]
2024-09-16 15:37:49.482 [info] > git config --get commit.template [4ms]
2024-09-16 15:37:49.483 [info] > git for-each-ref --format=%(refname)%00%(upstream:short)%00%(objectname)%00%(upstream:track)%00%(upstream:remotename)%00%(upstream:remoteref) refs/heads/master refs/remotes/master [2ms]
2024-09-16 15:37:49.490 [info] > git status -z -uall [2ms]
2024-09-16 15:37:49.499 [info] > git for-each-ref --format=%(refname)%00%(upstream:short)%00%(objectname)%00%(upstream:track)%00%(upstream:remotename)%00%(upstream:remoteref) refs/heads/master refs/remotes/master [4ms]
2024-09-16 15:37:49.503 [info] > git config --local branch.master.vscode-merge-base [1ms]
2024-09-16 15:37:49.509 [info] > git for-each-ref --format=%(refname)%00%(upstream:short)%00%(objectname)%00%(upstream:track)%00%(upstream:remotename)%00%(upstream:remoteref) refs/heads/origin/master refs/remotes/origin/master [2ms]
2024-09-16 15:37:54.507 [info] > git config --get commit.template [4ms]
2024-09-16 15:37:54.507 [info] > git for-each-ref --format=%(refname)%00%(upstream:short)%00%(objectname)%00%(upstream:track)%00%(upstream:remotename)%00%(upstream:remoteref) refs/heads/master refs/remotes/master [2ms]
2024-09-16 15:37:54.512 [info] > git status -z -uall [2ms]
2024-09-16 15:37:54.517 [info] > git for-each-ref --format=%(refname)%00%(upstream:short)%00%(objectname)%00%(upstream:track)%00%(upstream:remotename)%00%(upstream:remoteref) refs/heads/master refs/remotes/master [1ms]
2024-09-16 15:37:54.521 [info] > git config --local branch.master.vscode-merge-base [1ms]
2024-09-16 15:37:54.526 [info] > git for-each-ref --format=%(refname)%00%(upstream:short)%00%(objectname)%00%(upstream:track)%00%(upstream:remotename)%00%(upstream:remoteref) refs/heads/origin/master refs/remotes/origin/master [2ms]
2024-09-16 15:37:59.523 [info] > git config --get commit.template [2ms]
2024-09-16 15:37:59.528 [info] > git for-each-ref --format=%(refname)%00%(upstream:short)%00%(objectname)%00%(upstream:track)%00%(upstream:remotename)%00%(upstream:remoteref) refs/heads/master refs/remotes/master [2ms]
2024-09-16 15:37:59.532 [info] > git status -z -uall [1ms]
2024-09-16 15:37:59.537 [info] > git for-each-ref --format=%(refname)%00%(upstream:short)%00%(objectname)%00%(upstream:track)%00%(upstream:remotename)%00%(upstream:remoteref) refs/heads/master refs/remotes/master [1ms]
2024-09-16 15:37:59.541 [info] > git config --local branch.master.vscode-merge-base [1ms]
2024-09-16 15:37:59.545 [info] > git for-each-ref --format=%(refname)%00%(upstream:short)%00%(objectname)%00%(upstream:track)%00%(upstream:remotename)%00%(upstream:remoteref) refs/heads/origin/master refs/remotes/origin/master [1ms]
2024-09-16 15:38:19.939 [info] > git config --get commit.template [3ms]
2024-09-16 15:38:19.940 [info] > git for-each-ref --format=%(refname)%00%(upstream:short)%00%(objectname)%00%(upstream:track)%00%(upstream:remotename)%00%(upstream:remoteref) refs/heads/master refs/remotes/master [1ms]
2024-09-16 15:38:19.944 [info] > git status -z -uall [1ms]
2024-09-16 15:38:19.949 [info] > git for-each-ref --format=%(refname)%00%(upstream:short)%00%(objectname)%00%(upstream:track)%00%(upstream:remotename)%00%(upstream:remoteref) refs/heads/master refs/remotes/master [2ms]
2024-09-16 15:38:19.952 [info] > git config --local branch.master.vscode-merge-base [1ms]
2024-09-16 15:38:19.957 [info] > git for-each-ref --format=%(refname)%00%(upstream:short)%00%(objectname)%00%(upstream:track)%00%(upstream:remotename)%00%(upstream:remoteref) refs/heads/origin/master refs/remotes/origin/master [2ms]
2024-09-16 15:38:24.954 [info] > git config --get commit.template [2ms]
2024-09-16 15:38:24.959 [info] > git for-each-ref --format=%(refname)%00%(upstream:short)%00%(objectname)%00%(upstream:track)%00%(upstream:remotename)%00%(upstream:remoteref) refs/heads/master refs/remotes/master [1ms]
2024-09-16 15:38:24.964 [info] > git status -z -uall [2ms]
2024-09-16 15:38:24.968 [info] > git for-each-ref --format=%(refname)%00%(upstream:short)%00%(objectname)%00%(upstream:track)%00%(upstream:remotename)%00%(upstream:remoteref) refs/heads/master refs/remotes/master [1ms]
2024-09-16 15:38:24.972 [info] > git config --local branch.master.vscode-merge-base [1ms]
2024-09-16 15:38:24.977 [info] > git for-each-ref --format=%(refname)%00%(upstream:short)%00%(objectname)%00%(upstream:track)%00%(upstream:remotename)%00%(upstream:remoteref) refs/heads/origin/master refs/remotes/origin/master [1ms]
2024-09-16 15:38:48.795 [info] > git config --get commit.template [2ms]
2024-09-16 15:38:48.800 [info] > git for-each-ref --format=%(refname)%00%(upstream:short)%00%(objectname)%00%(upstream:track)%00%(upstream:remotename)%00%(upstream:remoteref) refs/heads/master refs/remotes/master [2ms]
2024-09-16 15:38:48.805 [info] > git status -z -uall [1ms]
2024-09-16 15:38:48.811 [info] > git for-each-ref --format=%(refname)%00%(upstream:short)%00%(objectname)%00%(upstream:track)%00%(upstream:remotename)%00%(upstream:remoteref) refs/heads/master refs/remotes/master [1ms]
2024-09-16 15:38:48.814 [info] > git config --local branch.master.vscode-merge-base [1ms]
2024-09-16 15:38:48.819 [info] > git for-each-ref --format=%(refname)%00%(upstream:short)%00%(objectname)%00%(upstream:track)%00%(upstream:remotename)%00%(upstream:remoteref) refs/heads/origin/master refs/remotes/origin/master [1ms]
2024-09-16 15:38:53.819 [info] > git config --get commit.template [4ms]
2024-09-16 15:38:53.820 [info] > git for-each-ref --format=%(refname)%00%(upstream:short)%00%(objectname)%00%(upstream:track)%00%(upstream:remotename)%00%(upstream:remoteref) refs/heads/master refs/remotes/master [2ms]
2024-09-16 15:38:53.826 [info] > git status -z -uall [2ms]
2024-09-16 15:38:53.835 [info] > git for-each-ref --format=%(refname)%00%(upstream:short)%00%(objectname)%00%(upstream:track)%00%(upstream:remotename)%00%(upstream:remoteref) refs/heads/master refs/remotes/master [4ms]
2024-09-16 15:38:53.840 [info] > git config --local branch.master.vscode-merge-base [1ms]
2024-09-16 15:38:53.846 [info] > git for-each-ref --format=%(refname)%00%(upstream:short)%00%(objectname)%00%(upstream:track)%00%(upstream:remotename)%00%(upstream:remoteref) refs/heads/origin/master refs/remotes/origin/master [2ms]
2024-09-16 15:38:59.428 [info] > git config --get commit.template [5ms]
2024-09-16 15:38:59.430 [info] > git for-each-ref --format=%(refname)%00%(upstream:short)%00%(objectname)%00%(upstream:track)%00%(upstream:remotename)%00%(upstream:remoteref) refs/heads/master refs/remotes/master [2ms]
2024-09-16 15:38:59.440 [info] > git status -z -uall [3ms]
2024-09-16 15:38:59.448 [info] > git for-each-ref --format=%(refname)%00%(upstream:short)%00%(objectname)%00%(upstream:track)%00%(upstream:remotename)%00%(upstream:remoteref) refs/heads/master refs/remotes/master [3ms]
2024-09-16 15:38:59.453 [info] > git config --local branch.master.vscode-merge-base [1ms]
2024-09-16 15:38:59.457 [info] > git for-each-ref --format=%(refname)%00%(upstream:short)%00%(objectname)%00%(upstream:track)%00%(upstream:remotename)%00%(upstream:remoteref) refs/heads/origin/master refs/remotes/origin/master [1ms]
2024-09-16 15:39:04.455 [info] > git for-each-ref --format=%(refname)%00%(upstream:short)%00%(objectname)%00%(upstream:track)%00%(upstream:remotename)%00%(upstream:remoteref) refs/heads/master refs/remotes/master [3ms]
2024-09-16 15:39:04.455 [info] > git config --get commit.template [5ms]
2024-09-16 15:39:04.460 [info] > git status -z -uall [2ms]
2024-09-16 15:39:04.465 [info] > git for-each-ref --format=%(refname)%00%(upstream:short)%00%(objectname)%00%(upstream:track)%00%(upstream:remotename)%00%(upstream:remoteref) refs/heads/master refs/remotes/master [1ms]
2024-09-16 15:39:04.470 [info] > git config --local branch.master.vscode-merge-base [1ms]
2024-09-16 15:39:04.475 [info] > git for-each-ref --format=%(refname)%00%(upstream:short)%00%(objectname)%00%(upstream:track)%00%(upstream:remotename)%00%(upstream:remoteref) refs/heads/origin/master refs/remotes/origin/master [1ms]
2024-09-16 15:39:09.472 [info] > git config --get commit.template [3ms]
2024-09-16 15:39:09.473 [info] > git for-each-ref --format=%(refname)%00%(upstream:short)%00%(objectname)%00%(upstream:track)%00%(upstream:remotename)%00%(upstream:remoteref) refs/heads/master refs/remotes/master [2ms]
2024-09-16 15:39:09.479 [info] > git status -z -uall [2ms]
2024-09-16 15:39:09.483 [info] > git for-each-ref --format=%(refname)%00%(upstream:short)%00%(objectname)%00%(upstream:track)%00%(upstream:remotename)%00%(upstream:remoteref) refs/heads/master refs/remotes/master [1ms]
2024-09-16 15:39:09.487 [info] > git config --local branch.master.vscode-merge-base [2ms]
2024-09-16 15:39:09.491 [info] > git for-each-ref --format=%(refname)%00%(upstream:short)%00%(objectname)%00%(upstream:track)%00%(upstream:remotename)%00%(upstream:remoteref) refs/heads/origin/master refs/remotes/origin/master [1ms]
2024-09-16 15:39:24.383 [info] > git config --get commit.template [4ms]
2024-09-16 15:39:24.384 [info] > git for-each-ref --format=%(refname)%00%(upstream:short)%00%(objectname)%00%(upstream:track)%00%(upstream:remotename)%00%(upstream:remoteref) refs/heads/master refs/remotes/master [2ms]
2024-09-16 15:39:24.392 [info] > git status -z -uall [4ms]
2024-09-16 15:39:24.400 [info] > git for-each-ref --format=%(refname)%00%(upstream:short)%00%(objectname)%00%(upstream:track)%00%(upstream:remotename)%00%(upstream:remoteref) refs/heads/master refs/remotes/master [1ms]
2024-09-16 15:39:24.404 [info] > git config --local branch.master.vscode-merge-base [1ms]
2024-09-16 15:39:24.411 [info] > git for-each-ref --format=%(refname)%00%(upstream:short)%00%(objectname)%00%(upstream:track)%00%(upstream:remotename)%00%(upstream:remoteref) refs/heads/origin/master refs/remotes/origin/master [3ms]
2024-09-16 15:39:36.974 [info] > git config --get commit.template [4ms]
2024-09-16 15:39:36.974 [info] > git for-each-ref --format=%(refname)%00%(upstream:short)%00%(objectname)%00%(upstream:track)%00%(upstream:remotename)%00%(upstream:remoteref) refs/heads/master refs/remotes/master [1ms]
2024-09-16 15:39:36.979 [info] > git status -z -uall [2ms]
2024-09-16 15:39:36.983 [info] > git for-each-ref --format=%(refname)%00%(upstream:short)%00%(objectname)%00%(upstream:track)%00%(upstream:remotename)%00%(upstream:remoteref) refs/heads/master refs/remotes/master [1ms]
2024-09-16 15:39:36.988 [info] > git config --local branch.master.vscode-merge-base [2ms]
2024-09-16 15:39:36.992 [info] > git for-each-ref --format=%(refname)%00%(upstream:short)%00%(objectname)%00%(upstream:track)%00%(upstream:remotename)%00%(upstream:remoteref) refs/heads/origin/master refs/remotes/origin/master [1ms]
2024-09-16 15:39:44.715 [info] > git config --get commit.template [4ms]
2024-09-16 15:39:44.716 [info] > git for-each-ref --format=%(refname)%00%(upstream:short)%00%(objectname)%00%(upstream:track)%00%(upstream:remotename)%00%(upstream:remoteref) refs/heads/master refs/remotes/master [2ms]
2024-09-16 15:39:44.721 [info] > git status -z -uall [2ms]
2024-09-16 15:39:44.726 [info] > git for-each-ref --format=%(refname)%00%(upstream:short)%00%(objectname)%00%(upstream:track)%00%(upstream:remotename)%00%(upstream:remoteref) refs/heads/master refs/remotes/master [2ms]
2024-09-16 15:39:44.731 [info] > git config --local branch.master.vscode-merge-base [1ms]
2024-09-16 15:39:44.736 [info] > git for-each-ref --format=%(refname)%00%(upstream:short)%00%(objectname)%00%(upstream:track)%00%(upstream:remotename)%00%(upstream:remoteref) refs/heads/origin/master refs/remotes/origin/master [2ms]
2024-09-16 15:39:52.829 [info] > git config --get commit.template [5ms]
2024-09-16 15:39:52.830 [info] > git for-each-ref --format=%(refname)%00%(upstream:short)%00%(objectname)%00%(upstream:track)%00%(upstream:remotename)%00%(upstream:remoteref) refs/heads/master refs/remotes/master [2ms]
2024-09-16 15:39:52.837 [info] > git status -z -uall [2ms]
2024-09-16 15:39:52.841 [info] > git for-each-ref --format=%(refname)%00%(upstream:short)%00%(objectname)%00%(upstream:track)%00%(upstream:remotename)%00%(upstream:remoteref) refs/heads/master refs/remotes/master [1ms]
2024-09-16 15:39:52.846 [info] > git config --local branch.master.vscode-merge-base [2ms]
2024-09-16 15:39:52.851 [info] > git for-each-ref --format=%(refname)%00%(upstream:short)%00%(objectname)%00%(upstream:track)%00%(upstream:remotename)%00%(upstream:remoteref) refs/heads/origin/master refs/remotes/origin/master [2ms]
2024-09-16 16:04:26.959 [info] > git check-ignore -v -z --stdin [1ms]
2024-09-16 16:09:08.870 [info] > git config --get commit.template [6ms]
2024-09-16 16:09:08.871 [info] > git for-each-ref --format=%(refname)%00%(upstream:short)%00%(objectname)%00%(upstream:track)%00%(upstream:remotename)%00%(upstream:remoteref) refs/heads/master refs/remotes/master [4ms]
2024-09-16 16:09:08.879 [info] > git status -z -uall [3ms]
2024-09-16 16:09:08.892 [info] > git for-each-ref --format=%(refname)%00%(upstream:short)%00%(objectname)%00%(upstream:track)%00%(upstream:remotename)%00%(upstream:remoteref) refs/heads/master refs/remotes/master [6ms]
2024-09-16 16:09:08.896 [info] > git config --local branch.master.vscode-merge-base [1ms]
2024-09-16 16:09:08.901 [info] > git for-each-ref --format=%(refname)%00%(upstream:short)%00%(objectname)%00%(upstream:track)%00%(upstream:remotename)%00%(upstream:remoteref) refs/heads/origin/master refs/remotes/origin/master [2ms]
2024-09-16 16:09:08.908 [info] > git merge-base refs/heads/master refs/remotes/origin/master [3ms]
2024-09-16 16:09:08.918 [info] > git rev-list --count --left-right refs/heads/master...refs/remotes/origin/master [6ms]
2024-09-16 16:09:08.922 [info] > git ls-files --stage -- /home/husky/lab-1b-RichyRich20795/src/index.html [5ms]
2024-09-16 16:09:08.925 [info] > git diff --name-status -z --diff-filter=ADMR bf7234a1447f84be2d2696529c56e023f85d8698...refs/remotes/origin/master [4ms]
2024-09-16 16:09:08.927 [info] > git cat-file -s 8700f7e31f23fecdf4bdb7a06f45b73a09fa2f8a [2ms]
2024-09-16 16:09:08.983 [info] > git show --textconv :src/index.html [2ms]
2024-09-16 16:09:22.930 [info] > git config --get commit.template [6ms]
2024-09-16 16:09:22.931 [info] > git for-each-ref --format=%(refname)%00%(upstream:short)%00%(objectname)%00%(upstream:track)%00%(upstream:remotename)%00%(upstream:remoteref) refs/heads/master refs/remotes/master [2ms]
2024-09-16 16:09:22.939 [info] > git status -z -uall [2ms]
2024-09-16 16:09:22.945 [info] > git for-each-ref --format=%(refname)%00%(upstream:short)%00%(objectname)%00%(upstream:track)%00%(upstream:remotename)%00%(upstream:remoteref) refs/heads/master refs/remotes/master [1ms]
2024-09-16 16:09:22.952 [info] > git config --local branch.master.vscode-merge-base [2ms]
2024-09-16 16:09:22.958 [info] > git for-each-ref --format=%(refname)%00%(upstream:short)%00%(objectname)%00%(upstream:track)%00%(upstream:remotename)%00%(upstream:remoteref) refs/heads/origin/master refs/remotes/origin/master [2ms]
2024-09-17 13:58:17.435 [info] > git config --get commit.template [4ms]
2024-09-17 13:58:17.436 [info] > git for-each-ref --format=%(refname)%00%(upstream:short)%00%(objectname)%00%(upstream:track)%00%(upstream:remotename)%00%(upstream:remoteref) refs/heads/master refs/remotes/master [3ms]
2024-09-17 13:58:17.441 [info] > git status -z -uall [2ms]
2024-09-17 13:58:17.453 [info] > git for-each-ref --format=%(refname)%00%(upstream:short)%00%(objectname)%00%(upstream:track)%00%(upstream:remotename)%00%(upstream:remoteref) refs/heads/master refs/remotes/master [7ms]
2024-09-17 13:58:17.458 [info] > git config --local branch.master.vscode-merge-base [2ms]
2024-09-17 13:58:17.462 [info] > git for-each-ref --format=%(refname)%00%(upstream:short)%00%(objectname)%00%(upstream:track)%00%(upstream:remotename)%00%(upstream:remoteref) refs/heads/origin/master refs/remotes/origin/master [1ms]
2024-09-17 13:58:17.469 [info] > git merge-base refs/heads/master refs/remotes/origin/master [2ms]
2024-09-17 13:58:17.474 [info] > git rev-list --count --left-right refs/heads/master...refs/remotes/origin/master [2ms]
2024-09-17 13:58:17.479 [info] > git diff --name-status -z --diff-filter=ADMR 8cfb67e9fa17cbc02de45f2ccc917b92e43a9702...refs/remotes/origin/master [2ms]
2024-09-17 13:58:17.550 [info] > git ls-files --stage -- /home/husky/lab-1b-RichyRich20795/src/index.html [1ms]
2024-09-17 13:58:17.553 [info] > git cat-file -s dc0b530998e45363cb0266dedd2a89b0ddcf9942 [1ms]
2024-09-17 13:58:17.608 [info] > git show --textconv :src/index.html [1ms]
