2024-09-13 16:08:56.493 [info] Extension host with pid 2512 started
2024-09-13 16:08:56.528 [info] ExtensionService#_doActivateExtension vscode.git-base, startup: true, activationEvent: '*'
2024-09-13 16:08:56.548 [info] Lock '/home/husky/.vscode-server/data/User/workspaceStorage/faba05e072f4d1445b3d2f39e9820c95/vscode.lock': Lock acquired.
2024-09-13 16:08:56.616 [info] ExtensionService#_doActivateExtension vscode.github, startup: true, activationEvent: '*'
2024-09-13 16:08:56.773 [info] Eager extensions activated
2024-09-13 16:08:56.773 [info] ExtensionService#_doActivateExtension vscode.debug-auto-launch, startup: false, activationEvent: 'onStartupFinished'
2024-09-13 16:08:56.774 [info] ExtensionService#_doActivateExtension vscode.merge-conflict, startup: false, activationEvent: 'onStartupFinished'
2024-09-13 16:08:56.816 [info] ExtensionService#_doActivateExtension vscode.git, startup: false, activationEvent: 'api', root cause: vscode.github
2024-09-13 16:08:57.178 [info] ExtensionService#_doActivateExtension vscode.emmet, startup: false, activationEvent: 'onLanguage'
2024-09-13 16:08:59.718 [info] ExtensionService#_doActivateExtension vscode.html-language-features, startup: false, activationEvent: 'onLanguage:html'
2024-09-13 16:09:03.319 [info] ExtensionService#_doActivateExtension vscode.css-language-features, startup: false, activationEvent: 'onLanguage:css'
2024-09-13 16:09:16.515 [info] ExtensionService#_doActivateExtension vscode.typescript-language-features, startup: false, activationEvent: 'onLanguage:javascript'
2024-09-13 16:41:11.655 [info] ExtensionService#_doActivateExtension igordvlpr.open-in-browser, startup: false, activationEvent: 'onLanguage:html'
2024-09-13 17:40:11.974 [error] [vscode.emmet] provider FAILED
2024-09-13 17:40:11.981 [error] Error: Unable to find matching pair for < at char 997
	at r.error (/home/husky/.vscode-server/bin/4849ca9bdf9666755eb463db297b69e5385090e3/extensions/emmet/dist/node/emmetNodeMain.js:1:22471)
	at d (/home/husky/.vscode-server/bin/4849ca9bdf9666755eb463db297b69e5385090e3/extensions/emmet/dist/node/emmetNodeMain.js:1:21701)
	at u (/home/husky/.vscode-server/bin/4849ca9bdf9666755eb463db297b69e5385090e3/extensions/emmet/dist/node/emmetNodeMain.js:1:14683)
	at d (/home/husky/.vscode-server/bin/4849ca9bdf9666755eb463db297b69e5385090e3/extensions/emmet/dist/node/emmetNodeMain.js:1:14817)
	at /home/husky/.vscode-server/bin/4849ca9bdf9666755eb463db297b69e5385090e3/extensions/emmet/dist/node/emmetNodeMain.js:1:15429
	at v (/home/husky/.vscode-server/bin/4849ca9bdf9666755eb463db297b69e5385090e3/extensions/emmet/dist/node/emmetNodeMain.js:1:15535)
	at j (/home/husky/.vscode-server/bin/4849ca9bdf9666755eb463db297b69e5385090e3/extensions/emmet/dist/node/emmetNodeMain.js:1:16481)
	at P (/home/husky/.vscode-server/bin/4849ca9bdf9666755eb463db297b69e5385090e3/extensions/emmet/dist/node/emmetNodeMain.js:1:16891)
	at t.getRootNode (/home/husky/.vscode-server/bin/4849ca9bdf9666755eb463db297b69e5385090e3/extensions/emmet/dist/node/emmetNodeMain.js:1:145498)
	at t.DefaultCompletionItemProvider.provideCompletionItemsInternal (/home/husky/.vscode-server/bin/4849ca9bdf9666755eb463db297b69e5385090e3/extensions/emmet/dist/node/emmetNodeMain.js:1:131039)
	at t.DefaultCompletionItemProvider.provideCompletionItems (/home/husky/.vscode-server/bin/4849ca9bdf9666755eb463db297b69e5385090e3/extensions/emmet/dist/node/emmetNodeMain.js:1:129817)
	at me.provideCompletionItems (/home/husky/.vscode-server/bin/4849ca9bdf9666755eb463db297b69e5385090e3/out/vs/workbench/api/node/extensionHostProcess.js:161:118602)
	at /home/husky/.vscode-server/bin/4849ca9bdf9666755eb463db297b69e5385090e3/out/vs/workbench/api/node/extensionHostProcess.js:161:145130
	at We.s (/home/husky/.vscode-server/bin/4849ca9bdf9666755eb463db297b69e5385090e3/out/vs/workbench/api/node/extensionHostProcess.js:161:136041)
	at We.$provideCompletionItems (/home/husky/.vscode-server/bin/4849ca9bdf9666755eb463db297b69e5385090e3/out/vs/workbench/api/node/extensionHostProcess.js:161:145116)
	at y.S (/home/husky/.vscode-server/bin/4849ca9bdf9666755eb463db297b69e5385090e3/out/vs/workbench/api/node/extensionHostProcess.js:158:5968)
	at y.Q (/home/husky/.vscode-server/bin/4849ca9bdf9666755eb463db297b69e5385090e3/out/vs/workbench/api/node/extensionHostProcess.js:158:5734)
	at y.M (/home/husky/.vscode-server/bin/4849ca9bdf9666755eb463db297b69e5385090e3/out/vs/workbench/api/node/extensionHostProcess.js:158:4729)
	at y.L (/home/husky/.vscode-server/bin/4849ca9bdf9666755eb463db297b69e5385090e3/out/vs/workbench/api/node/extensionHostProcess.js:158:3602)
	at i.value (/home/husky/.vscode-server/bin/4849ca9bdf9666755eb463db297b69e5385090e3/out/vs/workbench/api/node/extensionHostProcess.js:158:2297)
	at r.B (/home/husky/.vscode-server/bin/4849ca9bdf9666755eb463db297b69e5385090e3/out/vs/workbench/api/node/extensionHostProcess.js:90:732)
	at r.fire (/home/husky/.vscode-server/bin/4849ca9bdf9666755eb463db297b69e5385090e3/out/vs/workbench/api/node/extensionHostProcess.js:90:949)
	at a.fire (/home/husky/.vscode-server/bin/4849ca9bdf9666755eb463db297b69e5385090e3/out/vs/workbench/api/node/extensionHostProcess.js:115:14463)
	at i.value (/home/husky/.vscode-server/bin/4849ca9bdf9666755eb463db297b69e5385090e3/out/vs/workbench/api/node/extensionHostProcess.js:184:8635)
	at r.B (/home/husky/.vscode-server/bin/4849ca9bdf9666755eb463db297b69e5385090e3/out/vs/workbench/api/node/extensionHostProcess.js:90:732)
	at r.fire (/home/husky/.vscode-server/bin/4849ca9bdf9666755eb463db297b69e5385090e3/out/vs/workbench/api/node/extensionHostProcess.js:90:949)
	at a.fire (/home/husky/.vscode-server/bin/4849ca9bdf9666755eb463db297b69e5385090e3/out/vs/workbench/api/node/extensionHostProcess.js:115:14463)
	at h.A (/home/husky/.vscode-server/bin/4849ca9bdf9666755eb463db297b69e5385090e3/out/vs/workbench/api/node/extensionHostProcess.js:115:17622)
	at i.value (/home/husky/.vscode-server/bin/4849ca9bdf9666755eb463db297b69e5385090e3/out/vs/workbench/api/node/extensionHostProcess.js:115:15980)
	at r.B (/home/husky/.vscode-server/bin/4849ca9bdf9666755eb463db297b69e5385090e3/out/vs/workbench/api/node/extensionHostProcess.js:90:732)
	at r.fire (/home/husky/.vscode-server/bin/4849ca9bdf9666755eb463db297b69e5385090e3/out/vs/workbench/api/node/extensionHostProcess.js:90:949)
	at m.acceptChunk (/home/husky/.vscode-server/bin/4849ca9bdf9666755eb463db297b69e5385090e3/out/vs/workbench/api/node/extensionHostProcess.js:115:12209)
	at i.value (/home/husky/.vscode-server/bin/4849ca9bdf9666755eb463db297b69e5385090e3/out/vs/workbench/api/node/extensionHostProcess.js:115:11479)
	at r.B (/home/husky/.vscode-server/bin/4849ca9bdf9666755eb463db297b69e5385090e3/out/vs/workbench/api/node/extensionHostProcess.js:90:732)
	at r.fire (/home/husky/.vscode-server/bin/4849ca9bdf9666755eb463db297b69e5385090e3/out/vs/workbench/api/node/extensionHostProcess.js:90:949)
	at a.z (/home/husky/.vscode-server/bin/4849ca9bdf9666755eb463db297b69e5385090e3/out/vs/workbench/api/node/extensionHostProcess.js:181:21815)
	at a.acceptFrame (/home/husky/.vscode-server/bin/4849ca9bdf9666755eb463db297b69e5385090e3/out/vs/workbench/api/node/extensionHostProcess.js:181:21621)
	at i.n (/home/husky/.vscode-server/bin/4849ca9bdf9666755eb463db297b69e5385090e3/out/vs/workbench/api/node/extensionHostProcess.js:181:20066)
	at /home/husky/.vscode-server/bin/4849ca9bdf9666755eb463db297b69e5385090e3/out/vs/workbench/api/node/extensionHostProcess.js:181:16993
	at Socket.b (/home/husky/.vscode-server/bin/4849ca9bdf9666755eb463db297b69e5385090e3/out/vs/workbench/api/node/extensionHostProcess.js:181:14623)
	at Socket.emit (node:events:519:28)
	at addChunk (node:internal/streams/readable:559:12)
	at readableAddChunkPushByteMode (node:internal/streams/readable:510:3)
	at Readable.push (node:internal/streams/readable:390:5)
	at TCP.onStreamRead (node:internal/stream_base_commons:191:23)
2024-09-13 17:40:12.136 [error] [vscode.emmet] provider FAILED
2024-09-13 17:40:12.137 [error] Error: Unable to find matching pair for < at char 997
	at r.error (/home/husky/.vscode-server/bin/4849ca9bdf9666755eb463db297b69e5385090e3/extensions/emmet/dist/node/emmetNodeMain.js:1:22471)
	at d (/home/husky/.vscode-server/bin/4849ca9bdf9666755eb463db297b69e5385090e3/extensions/emmet/dist/node/emmetNodeMain.js:1:21701)
	at u (/home/husky/.vscode-server/bin/4849ca9bdf9666755eb463db297b69e5385090e3/extensions/emmet/dist/node/emmetNodeMain.js:1:14683)
	at d (/home/husky/.vscode-server/bin/4849ca9bdf9666755eb463db297b69e5385090e3/extensions/emmet/dist/node/emmetNodeMain.js:1:14817)
	at /home/husky/.vscode-server/bin/4849ca9bdf9666755eb463db297b69e5385090e3/extensions/emmet/dist/node/emmetNodeMain.js:1:15429
	at v (/home/husky/.vscode-server/bin/4849ca9bdf9666755eb463db297b69e5385090e3/extensions/emmet/dist/node/emmetNodeMain.js:1:15535)
	at j (/home/husky/.vscode-server/bin/4849ca9bdf9666755eb463db297b69e5385090e3/extensions/emmet/dist/node/emmetNodeMain.js:1:16481)
	at P (/home/husky/.vscode-server/bin/4849ca9bdf9666755eb463db297b69e5385090e3/extensions/emmet/dist/node/emmetNodeMain.js:1:16891)
	at t.getRootNode (/home/husky/.vscode-server/bin/4849ca9bdf9666755eb463db297b69e5385090e3/extensions/emmet/dist/node/emmetNodeMain.js:1:145498)
	at t.DefaultCompletionItemProvider.provideCompletionItemsInternal (/home/husky/.vscode-server/bin/4849ca9bdf9666755eb463db297b69e5385090e3/extensions/emmet/dist/node/emmetNodeMain.js:1:131039)
	at t.DefaultCompletionItemProvider.provideCompletionItems (/home/husky/.vscode-server/bin/4849ca9bdf9666755eb463db297b69e5385090e3/extensions/emmet/dist/node/emmetNodeMain.js:1:129817)
	at me.provideCompletionItems (/home/husky/.vscode-server/bin/4849ca9bdf9666755eb463db297b69e5385090e3/out/vs/workbench/api/node/extensionHostProcess.js:161:118602)
	at /home/husky/.vscode-server/bin/4849ca9bdf9666755eb463db297b69e5385090e3/out/vs/workbench/api/node/extensionHostProcess.js:161:145130
	at We.s (/home/husky/.vscode-server/bin/4849ca9bdf9666755eb463db297b69e5385090e3/out/vs/workbench/api/node/extensionHostProcess.js:161:136041)
	at We.$provideCompletionItems (/home/husky/.vscode-server/bin/4849ca9bdf9666755eb463db297b69e5385090e3/out/vs/workbench/api/node/extensionHostProcess.js:161:145116)
	at y.S (/home/husky/.vscode-server/bin/4849ca9bdf9666755eb463db297b69e5385090e3/out/vs/workbench/api/node/extensionHostProcess.js:158:5968)
	at y.Q (/home/husky/.vscode-server/bin/4849ca9bdf9666755eb463db297b69e5385090e3/out/vs/workbench/api/node/extensionHostProcess.js:158:5734)
	at y.M (/home/husky/.vscode-server/bin/4849ca9bdf9666755eb463db297b69e5385090e3/out/vs/workbench/api/node/extensionHostProcess.js:158:4729)
	at y.L (/home/husky/.vscode-server/bin/4849ca9bdf9666755eb463db297b69e5385090e3/out/vs/workbench/api/node/extensionHostProcess.js:158:3602)
	at i.value (/home/husky/.vscode-server/bin/4849ca9bdf9666755eb463db297b69e5385090e3/out/vs/workbench/api/node/extensionHostProcess.js:158:2297)
	at r.B (/home/husky/.vscode-server/bin/4849ca9bdf9666755eb463db297b69e5385090e3/out/vs/workbench/api/node/extensionHostProcess.js:90:732)
	at r.fire (/home/husky/.vscode-server/bin/4849ca9bdf9666755eb463db297b69e5385090e3/out/vs/workbench/api/node/extensionHostProcess.js:90:949)
	at a.fire (/home/husky/.vscode-server/bin/4849ca9bdf9666755eb463db297b69e5385090e3/out/vs/workbench/api/node/extensionHostProcess.js:115:14463)
	at i.value (/home/husky/.vscode-server/bin/4849ca9bdf9666755eb463db297b69e5385090e3/out/vs/workbench/api/node/extensionHostProcess.js:184:8635)
	at r.B (/home/husky/.vscode-server/bin/4849ca9bdf9666755eb463db297b69e5385090e3/out/vs/workbench/api/node/extensionHostProcess.js:90:732)
	at r.fire (/home/husky/.vscode-server/bin/4849ca9bdf9666755eb463db297b69e5385090e3/out/vs/workbench/api/node/extensionHostProcess.js:90:949)
	at a.fire (/home/husky/.vscode-server/bin/4849ca9bdf9666755eb463db297b69e5385090e3/out/vs/workbench/api/node/extensionHostProcess.js:115:14463)
	at h.A (/home/husky/.vscode-server/bin/4849ca9bdf9666755eb463db297b69e5385090e3/out/vs/workbench/api/node/extensionHostProcess.js:115:17622)
	at i.value (/home/husky/.vscode-server/bin/4849ca9bdf9666755eb463db297b69e5385090e3/out/vs/workbench/api/node/extensionHostProcess.js:115:15980)
	at r.B (/home/husky/.vscode-server/bin/4849ca9bdf9666755eb463db297b69e5385090e3/out/vs/workbench/api/node/extensionHostProcess.js:90:732)
	at r.fire (/home/husky/.vscode-server/bin/4849ca9bdf9666755eb463db297b69e5385090e3/out/vs/workbench/api/node/extensionHostProcess.js:90:949)
	at m.acceptChunk (/home/husky/.vscode-server/bin/4849ca9bdf9666755eb463db297b69e5385090e3/out/vs/workbench/api/node/extensionHostProcess.js:115:12209)
	at i.value (/home/husky/.vscode-server/bin/4849ca9bdf9666755eb463db297b69e5385090e3/out/vs/workbench/api/node/extensionHostProcess.js:115:11479)
	at r.B (/home/husky/.vscode-server/bin/4849ca9bdf9666755eb463db297b69e5385090e3/out/vs/workbench/api/node/extensionHostProcess.js:90:732)
	at r.fire (/home/husky/.vscode-server/bin/4849ca9bdf9666755eb463db297b69e5385090e3/out/vs/workbench/api/node/extensionHostProcess.js:90:949)
	at a.z (/home/husky/.vscode-server/bin/4849ca9bdf9666755eb463db297b69e5385090e3/out/vs/workbench/api/node/extensionHostProcess.js:181:21815)
	at a.acceptFrame (/home/husky/.vscode-server/bin/4849ca9bdf9666755eb463db297b69e5385090e3/out/vs/workbench/api/node/extensionHostProcess.js:181:21621)
	at i.n (/home/husky/.vscode-server/bin/4849ca9bdf9666755eb463db297b69e5385090e3/out/vs/workbench/api/node/extensionHostProcess.js:181:20066)
	at /home/husky/.vscode-server/bin/4849ca9bdf9666755eb463db297b69e5385090e3/out/vs/workbench/api/node/extensionHostProcess.js:181:16993
	at Socket.b (/home/husky/.vscode-server/bin/4849ca9bdf9666755eb463db297b69e5385090e3/out/vs/workbench/api/node/extensionHostProcess.js:181:14623)
	at Socket.emit (node:events:519:28)
	at addChunk (node:internal/streams/readable:559:12)
	at readableAddChunkPushByteMode (node:internal/streams/readable:510:3)
	at Readable.push (node:internal/streams/readable:390:5)
	at TCP.onStreamRead (node:internal/stream_base_commons:191:23)
2024-09-13 17:40:13.223 [error] [vscode.emmet] provider FAILED
2024-09-13 17:40:13.223 [error] Error: Unable to find matching pair for < at char 997
	at r.error (/home/husky/.vscode-server/bin/4849ca9bdf9666755eb463db297b69e5385090e3/extensions/emmet/dist/node/emmetNodeMain.js:1:22471)
	at d (/home/husky/.vscode-server/bin/4849ca9bdf9666755eb463db297b69e5385090e3/extensions/emmet/dist/node/emmetNodeMain.js:1:21701)
	at u (/home/husky/.vscode-server/bin/4849ca9bdf9666755eb463db297b69e5385090e3/extensions/emmet/dist/node/emmetNodeMain.js:1:14683)
	at d (/home/husky/.vscode-server/bin/4849ca9bdf9666755eb463db297b69e5385090e3/extensions/emmet/dist/node/emmetNodeMain.js:1:14817)
	at /home/husky/.vscode-server/bin/4849ca9bdf9666755eb463db297b69e5385090e3/extensions/emmet/dist/node/emmetNodeMain.js:1:15429
	at v (/home/husky/.vscode-server/bin/4849ca9bdf9666755eb463db297b69e5385090e3/extensions/emmet/dist/node/emmetNodeMain.js:1:15535)
	at j (/home/husky/.vscode-server/bin/4849ca9bdf9666755eb463db297b69e5385090e3/extensions/emmet/dist/node/emmetNodeMain.js:1:16481)
	at P (/home/husky/.vscode-server/bin/4849ca9bdf9666755eb463db297b69e5385090e3/extensions/emmet/dist/node/emmetNodeMain.js:1:16891)
	at t.getRootNode (/home/husky/.vscode-server/bin/4849ca9bdf9666755eb463db297b69e5385090e3/extensions/emmet/dist/node/emmetNodeMain.js:1:145498)
	at t.DefaultCompletionItemProvider.provideCompletionItemsInternal (/home/husky/.vscode-server/bin/4849ca9bdf9666755eb463db297b69e5385090e3/extensions/emmet/dist/node/emmetNodeMain.js:1:131039)
	at t.DefaultCompletionItemProvider.provideCompletionItems (/home/husky/.vscode-server/bin/4849ca9bdf9666755eb463db297b69e5385090e3/extensions/emmet/dist/node/emmetNodeMain.js:1:129817)
	at me.provideCompletionItems (/home/husky/.vscode-server/bin/4849ca9bdf9666755eb463db297b69e5385090e3/out/vs/workbench/api/node/extensionHostProcess.js:161:118602)
	at /home/husky/.vscode-server/bin/4849ca9bdf9666755eb463db297b69e5385090e3/out/vs/workbench/api/node/extensionHostProcess.js:161:145130
	at We.s (/home/husky/.vscode-server/bin/4849ca9bdf9666755eb463db297b69e5385090e3/out/vs/workbench/api/node/extensionHostProcess.js:161:136041)
	at We.$provideCompletionItems (/home/husky/.vscode-server/bin/4849ca9bdf9666755eb463db297b69e5385090e3/out/vs/workbench/api/node/extensionHostProcess.js:161:145116)
	at y.S (/home/husky/.vscode-server/bin/4849ca9bdf9666755eb463db297b69e5385090e3/out/vs/workbench/api/node/extensionHostProcess.js:158:5968)
	at y.Q (/home/husky/.vscode-server/bin/4849ca9bdf9666755eb463db297b69e5385090e3/out/vs/workbench/api/node/extensionHostProcess.js:158:5734)
	at y.M (/home/husky/.vscode-server/bin/4849ca9bdf9666755eb463db297b69e5385090e3/out/vs/workbench/api/node/extensionHostProcess.js:158:4729)
	at y.L (/home/husky/.vscode-server/bin/4849ca9bdf9666755eb463db297b69e5385090e3/out/vs/workbench/api/node/extensionHostProcess.js:158:3602)
	at i.value (/home/husky/.vscode-server/bin/4849ca9bdf9666755eb463db297b69e5385090e3/out/vs/workbench/api/node/extensionHostProcess.js:158:2297)
	at r.B (/home/husky/.vscode-server/bin/4849ca9bdf9666755eb463db297b69e5385090e3/out/vs/workbench/api/node/extensionHostProcess.js:90:732)
	at r.fire (/home/husky/.vscode-server/bin/4849ca9bdf9666755eb463db297b69e5385090e3/out/vs/workbench/api/node/extensionHostProcess.js:90:949)
	at a.fire (/home/husky/.vscode-server/bin/4849ca9bdf9666755eb463db297b69e5385090e3/out/vs/workbench/api/node/extensionHostProcess.js:115:14463)
	at i.value (/home/husky/.vscode-server/bin/4849ca9bdf9666755eb463db297b69e5385090e3/out/vs/workbench/api/node/extensionHostProcess.js:184:8635)
	at r.B (/home/husky/.vscode-server/bin/4849ca9bdf9666755eb463db297b69e5385090e3/out/vs/workbench/api/node/extensionHostProcess.js:90:732)
	at r.fire (/home/husky/.vscode-server/bin/4849ca9bdf9666755eb463db297b69e5385090e3/out/vs/workbench/api/node/extensionHostProcess.js:90:949)
	at a.fire (/home/husky/.vscode-server/bin/4849ca9bdf9666755eb463db297b69e5385090e3/out/vs/workbench/api/node/extensionHostProcess.js:115:14463)
	at h.A (/home/husky/.vscode-server/bin/4849ca9bdf9666755eb463db297b69e5385090e3/out/vs/workbench/api/node/extensionHostProcess.js:115:17622)
	at i.value (/home/husky/.vscode-server/bin/4849ca9bdf9666755eb463db297b69e5385090e3/out/vs/workbench/api/node/extensionHostProcess.js:115:15980)
	at r.B (/home/husky/.vscode-server/bin/4849ca9bdf9666755eb463db297b69e5385090e3/out/vs/workbench/api/node/extensionHostProcess.js:90:732)
	at r.fire (/home/husky/.vscode-server/bin/4849ca9bdf9666755eb463db297b69e5385090e3/out/vs/workbench/api/node/extensionHostProcess.js:90:949)
	at m.acceptChunk (/home/husky/.vscode-server/bin/4849ca9bdf9666755eb463db297b69e5385090e3/out/vs/workbench/api/node/extensionHostProcess.js:115:12209)
	at i.value (/home/husky/.vscode-server/bin/4849ca9bdf9666755eb463db297b69e5385090e3/out/vs/workbench/api/node/extensionHostProcess.js:115:11479)
	at r.B (/home/husky/.vscode-server/bin/4849ca9bdf9666755eb463db297b69e5385090e3/out/vs/workbench/api/node/extensionHostProcess.js:90:732)
	at r.fire (/home/husky/.vscode-server/bin/4849ca9bdf9666755eb463db297b69e5385090e3/out/vs/workbench/api/node/extensionHostProcess.js:90:949)
	at a.z (/home/husky/.vscode-server/bin/4849ca9bdf9666755eb463db297b69e5385090e3/out/vs/workbench/api/node/extensionHostProcess.js:181:21815)
	at a.acceptFrame (/home/husky/.vscode-server/bin/4849ca9bdf9666755eb463db297b69e5385090e3/out/vs/workbench/api/node/extensionHostProcess.js:181:21621)
	at i.n (/home/husky/.vscode-server/bin/4849ca9bdf9666755eb463db297b69e5385090e3/out/vs/workbench/api/node/extensionHostProcess.js:181:20066)
	at /home/husky/.vscode-server/bin/4849ca9bdf9666755eb463db297b69e5385090e3/out/vs/workbench/api/node/extensionHostProcess.js:181:16993
	at Socket.b (/home/husky/.vscode-server/bin/4849ca9bdf9666755eb463db297b69e5385090e3/out/vs/workbench/api/node/extensionHostProcess.js:181:14623)
	at Socket.emit (node:events:519:28)
	at addChunk (node:internal/streams/readable:559:12)
	at readableAddChunkPushByteMode (node:internal/streams/readable:510:3)
	at Readable.push (node:internal/streams/readable:390:5)
	at TCP.onStreamRead (node:internal/stream_base_commons:191:23)
2024-09-13 17:40:13.318 [error] [vscode.emmet] provider FAILED
2024-09-13 17:40:13.318 [error] Error: Unable to find matching pair for < at char 997
	at r.error (/home/husky/.vscode-server/bin/4849ca9bdf9666755eb463db297b69e5385090e3/extensions/emmet/dist/node/emmetNodeMain.js:1:22471)
	at d (/home/husky/.vscode-server/bin/4849ca9bdf9666755eb463db297b69e5385090e3/extensions/emmet/dist/node/emmetNodeMain.js:1:21701)
	at u (/home/husky/.vscode-server/bin/4849ca9bdf9666755eb463db297b69e5385090e3/extensions/emmet/dist/node/emmetNodeMain.js:1:14683)
	at d (/home/husky/.vscode-server/bin/4849ca9bdf9666755eb463db297b69e5385090e3/extensions/emmet/dist/node/emmetNodeMain.js:1:14817)
	at /home/husky/.vscode-server/bin/4849ca9bdf9666755eb463db297b69e5385090e3/extensions/emmet/dist/node/emmetNodeMain.js:1:15429
	at v (/home/husky/.vscode-server/bin/4849ca9bdf9666755eb463db297b69e5385090e3/extensions/emmet/dist/node/emmetNodeMain.js:1:15535)
	at j (/home/husky/.vscode-server/bin/4849ca9bdf9666755eb463db297b69e5385090e3/extensions/emmet/dist/node/emmetNodeMain.js:1:16481)
	at P (/home/husky/.vscode-server/bin/4849ca9bdf9666755eb463db297b69e5385090e3/extensions/emmet/dist/node/emmetNodeMain.js:1:16891)
	at t.getRootNode (/home/husky/.vscode-server/bin/4849ca9bdf9666755eb463db297b69e5385090e3/extensions/emmet/dist/node/emmetNodeMain.js:1:145498)
	at t.DefaultCompletionItemProvider.provideCompletionItemsInternal (/home/husky/.vscode-server/bin/4849ca9bdf9666755eb463db297b69e5385090e3/extensions/emmet/dist/node/emmetNodeMain.js:1:131039)
	at t.DefaultCompletionItemProvider.provideCompletionItems (/home/husky/.vscode-server/bin/4849ca9bdf9666755eb463db297b69e5385090e3/extensions/emmet/dist/node/emmetNodeMain.js:1:129817)
	at me.provideCompletionItems (/home/husky/.vscode-server/bin/4849ca9bdf9666755eb463db297b69e5385090e3/out/vs/workbench/api/node/extensionHostProcess.js:161:118602)
	at /home/husky/.vscode-server/bin/4849ca9bdf9666755eb463db297b69e5385090e3/out/vs/workbench/api/node/extensionHostProcess.js:161:145130
	at We.s (/home/husky/.vscode-server/bin/4849ca9bdf9666755eb463db297b69e5385090e3/out/vs/workbench/api/node/extensionHostProcess.js:161:136041)
	at We.$provideCompletionItems (/home/husky/.vscode-server/bin/4849ca9bdf9666755eb463db297b69e5385090e3/out/vs/workbench/api/node/extensionHostProcess.js:161:145116)
	at y.S (/home/husky/.vscode-server/bin/4849ca9bdf9666755eb463db297b69e5385090e3/out/vs/workbench/api/node/extensionHostProcess.js:158:5968)
	at y.Q (/home/husky/.vscode-server/bin/4849ca9bdf9666755eb463db297b69e5385090e3/out/vs/workbench/api/node/extensionHostProcess.js:158:5734)
	at y.M (/home/husky/.vscode-server/bin/4849ca9bdf9666755eb463db297b69e5385090e3/out/vs/workbench/api/node/extensionHostProcess.js:158:4729)
	at y.L (/home/husky/.vscode-server/bin/4849ca9bdf9666755eb463db297b69e5385090e3/out/vs/workbench/api/node/extensionHostProcess.js:158:3602)
	at i.value (/home/husky/.vscode-server/bin/4849ca9bdf9666755eb463db297b69e5385090e3/out/vs/workbench/api/node/extensionHostProcess.js:158:2297)
	at r.B (/home/husky/.vscode-server/bin/4849ca9bdf9666755eb463db297b69e5385090e3/out/vs/workbench/api/node/extensionHostProcess.js:90:732)
	at r.fire (/home/husky/.vscode-server/bin/4849ca9bdf9666755eb463db297b69e5385090e3/out/vs/workbench/api/node/extensionHostProcess.js:90:949)
	at a.fire (/home/husky/.vscode-server/bin/4849ca9bdf9666755eb463db297b69e5385090e3/out/vs/workbench/api/node/extensionHostProcess.js:115:14463)
	at i.value (/home/husky/.vscode-server/bin/4849ca9bdf9666755eb463db297b69e5385090e3/out/vs/workbench/api/node/extensionHostProcess.js:184:8635)
	at r.B (/home/husky/.vscode-server/bin/4849ca9bdf9666755eb463db297b69e5385090e3/out/vs/workbench/api/node/extensionHostProcess.js:90:732)
	at r.fire (/home/husky/.vscode-server/bin/4849ca9bdf9666755eb463db297b69e5385090e3/out/vs/workbench/api/node/extensionHostProcess.js:90:949)
	at a.fire (/home/husky/.vscode-server/bin/4849ca9bdf9666755eb463db297b69e5385090e3/out/vs/workbench/api/node/extensionHostProcess.js:115:14463)
	at h.A (/home/husky/.vscode-server/bin/4849ca9bdf9666755eb463db297b69e5385090e3/out/vs/workbench/api/node/extensionHostProcess.js:115:17622)
	at i.value (/home/husky/.vscode-server/bin/4849ca9bdf9666755eb463db297b69e5385090e3/out/vs/workbench/api/node/extensionHostProcess.js:115:15980)
	at r.B (/home/husky/.vscode-server/bin/4849ca9bdf9666755eb463db297b69e5385090e3/out/vs/workbench/api/node/extensionHostProcess.js:90:732)
	at r.fire (/home/husky/.vscode-server/bin/4849ca9bdf9666755eb463db297b69e5385090e3/out/vs/workbench/api/node/extensionHostProcess.js:90:949)
	at m.acceptChunk (/home/husky/.vscode-server/bin/4849ca9bdf9666755eb463db297b69e5385090e3/out/vs/workbench/api/node/extensionHostProcess.js:115:12209)
	at i.value (/home/husky/.vscode-server/bin/4849ca9bdf9666755eb463db297b69e5385090e3/out/vs/workbench/api/node/extensionHostProcess.js:115:11479)
	at r.B (/home/husky/.vscode-server/bin/4849ca9bdf9666755eb463db297b69e5385090e3/out/vs/workbench/api/node/extensionHostProcess.js:90:732)
	at r.fire (/home/husky/.vscode-server/bin/4849ca9bdf9666755eb463db297b69e5385090e3/out/vs/workbench/api/node/extensionHostProcess.js:90:949)
	at a.z (/home/husky/.vscode-server/bin/4849ca9bdf9666755eb463db297b69e5385090e3/out/vs/workbench/api/node/extensionHostProcess.js:181:21815)
	at a.acceptFrame (/home/husky/.vscode-server/bin/4849ca9bdf9666755eb463db297b69e5385090e3/out/vs/workbench/api/node/extensionHostProcess.js:181:21621)
	at i.n (/home/husky/.vscode-server/bin/4849ca9bdf9666755eb463db297b69e5385090e3/out/vs/workbench/api/node/extensionHostProcess.js:181:20066)
	at /home/husky/.vscode-server/bin/4849ca9bdf9666755eb463db297b69e5385090e3/out/vs/workbench/api/node/extensionHostProcess.js:181:16993
	at Socket.b (/home/husky/.vscode-server/bin/4849ca9bdf9666755eb463db297b69e5385090e3/out/vs/workbench/api/node/extensionHostProcess.js:181:14623)
	at Socket.emit (node:events:519:28)
	at addChunk (node:internal/streams/readable:559:12)
	at readableAddChunkPushByteMode (node:internal/streams/readable:510:3)
	at Readable.push (node:internal/streams/readable:390:5)
	at TCP.onStreamRead (node:internal/stream_base_commons:191:23)
