2024-09-10 14:31:21.937 [info] [main] Log level: Info
2024-09-10 14:31:21.937 [info] [main] Validating found git in: "git"
2024-09-10 14:31:21.937 [info] [main] Using git "2.34.1" from "git"
2024-09-10 14:31:21.937 [info] [Model][doInitialScan] Initial repository scan started
2024-09-10 14:31:21.937 [info] > git rev-parse --show-toplevel [3ms]
2024-09-10 14:31:21.937 [info] fatal: not a git repository (or any of the parent directories): .git
2024-09-10 14:31:21.937 [info] > git rev-parse --show-toplevel [43ms]
2024-09-10 14:31:21.938 [info] > git rev-parse --git-dir --git-common-dir [2ms]
2024-09-10 14:31:21.959 [info] [Model][openRepository] Opened repository: /home/husky/lab1/lab-1a-RichyRich20795
2024-09-10 14:31:21.965 [info] [Model][doInitialScan] Initial repository scan completed - repositories (1), closed repositories (0), parent repositories (0), unsafe repositories (0)
2024-09-10 14:31:21.971 [info] > git config --get commit.template [3ms]
2024-09-10 14:31:21.980 [info] > git for-each-ref --format=%(refname)%00%(upstream:short)%00%(objectname)%00%(upstream:track)%00%(upstream:remotename)%00%(upstream:remoteref) refs/heads/master refs/remotes/master [6ms]
2024-09-10 14:31:21.988 [info] > git status -z -uall [4ms]
2024-09-10 14:31:22.003 [info] > git for-each-ref --format=%(refname)%00%(upstream:short)%00%(objectname)%00%(upstream:track)%00%(upstream:remotename)%00%(upstream:remoteref) refs/heads/master refs/remotes/master [10ms]
2024-09-10 14:31:22.007 [info] > git config --get commit.template [5ms]
2024-09-10 14:31:22.007 [info] > git config --local branch.master.vscode-merge-base [1ms]
2024-09-10 14:31:22.019 [info] > git for-each-ref --format=%(refname)%00%(upstream:short)%00%(objectname)%00%(upstream:track)%00%(upstream:remotename)%00%(upstream:remoteref) refs/heads/origin/master refs/remotes/origin/master [9ms]
2024-09-10 14:31:22.023 [info] > git for-each-ref --format=%(refname)%00%(upstream:short)%00%(objectname)%00%(upstream:track)%00%(upstream:remotename)%00%(upstream:remoteref) refs/heads/master refs/remotes/master [9ms]
2024-09-10 14:31:22.024 [info] > git merge-base refs/heads/master refs/remotes/origin/master [2ms]
2024-09-10 14:31:22.032 [info] > git status -z -uall [1ms]
2024-09-10 14:31:22.043 [info] > git for-each-ref --format=%(refname)%00%(upstream:short)%00%(objectname)%00%(upstream:track)%00%(upstream:remotename)%00%(upstream:remoteref) refs/heads/master refs/remotes/master [6ms]
2024-09-10 14:31:22.046 [info] > git rev-list --count --left-right refs/heads/master...refs/remotes/origin/master [19ms]
2024-09-10 14:31:22.053 [info] > git diff --name-status -z --diff-filter=ADMR b71004ba9b922392b5b868a8ff1827ea1c6c5a4c...refs/remotes/origin/master [3ms]
2024-09-10 14:31:22.054 [info] > git config --local branch.master.vscode-merge-base [8ms]
2024-09-10 14:31:22.058 [info] > git for-each-ref --format=%(refname)%00%(upstream:short)%00%(objectname)%00%(upstream:track)%00%(upstream:remotename)%00%(upstream:remoteref) refs/heads/origin/master refs/remotes/origin/master [1ms]
2024-09-10 14:31:22.557 [info] > git check-ignore -v -z --stdin [2ms]
