2024-09-08 22:35:50.242 [info] [main] Log level: Info
2024-09-08 22:35:50.242 [info] [main] Validating found git in: "git"
2024-09-08 22:35:50.242 [info] [main] Using git "2.34.1" from "git"
2024-09-08 22:35:50.242 [info] [Model][doInitialScan] Initial repository scan started
2024-09-08 22:35:50.242 [info] > git rev-parse --show-toplevel [7ms]
2024-09-08 22:35:50.247 [info] > git rev-parse --git-dir --git-common-dir [2ms]
2024-09-08 22:35:50.267 [info] [Model][openRepository] Opened repository: /home/husky/lab-1a-RichyRich20795
2024-09-08 22:35:50.282 [info] > git rev-parse --show-toplevel [1ms]
2024-09-08 22:35:50.288 [info] [Model][doInitialScan] Initial repository scan completed - repositories (1), closed repositories (0), parent repositories (0), unsafe repositories (0)
2024-09-08 22:35:50.289 [info] > git config --get commit.template [10ms]
2024-09-08 22:35:50.339 [info] > git for-each-ref --format=%(refname)%00%(upstream:short)%00%(objectname)%00%(upstream:track)%00%(upstream:remotename)%00%(upstream:remoteref) refs/heads/master refs/remotes/master [26ms]
2024-09-08 22:35:50.344 [warning] [Git][revParse] Unable to read file: ENOENT: no such file or directory, open '/home/husky/lab-1a-RichyRich20795/.git/refs/remotes/origin/master'
2024-09-08 22:35:50.346 [info] > git rev-parse refs/remotes/origin/master [3ms]
2024-09-08 22:35:50.364 [info] > git status -z -uall [15ms]
2024-09-08 22:35:50.384 [info] > git for-each-ref --format=%(refname)%00%(upstream:short)%00%(objectname)%00%(upstream:track)%00%(upstream:remotename)%00%(upstream:remoteref) refs/heads/master refs/remotes/master [15ms]
2024-09-08 22:35:50.389 [info] > git config --get commit.template [5ms]
2024-09-08 22:35:50.390 [info] > git config --local branch.master.vscode-merge-base [3ms]
2024-09-08 22:35:50.390 [warning] [Git][config] git config failed: Failed to execute git
2024-09-08 22:35:50.397 [info] > git reflog master --grep-reflog=branch: Created from *. [4ms]
2024-09-08 22:35:50.401 [info] > git for-each-ref --format=%(refname)%00%(upstream:short)%00%(objectname)%00%(upstream:track)%00%(upstream:remotename)%00%(upstream:remoteref) refs/heads/master refs/remotes/master [5ms]
2024-09-08 22:35:50.404 [warning] [Git][revParse] Unable to read file: ENOENT: no such file or directory, open '/home/husky/lab-1a-RichyRich20795/.git/refs/remotes/origin/master'
2024-09-08 22:35:50.405 [info] > git symbolic-ref --short refs/remotes/origin/HEAD [5ms]
2024-09-08 22:35:50.411 [info] > git rev-parse refs/remotes/origin/master [7ms]
2024-09-08 22:35:50.415 [info] > git for-each-ref --format=%(refname)%00%(upstream:short)%00%(objectname)%00%(upstream:track)%00%(upstream:remotename)%00%(upstream:remoteref) refs/heads/origin/master refs/remotes/origin/master [5ms]
2024-09-08 22:35:50.421 [info] > git config --local branch.master.vscode-merge-base origin/master [2ms]
2024-09-08 22:35:50.428 [info] > git status -z -uall [14ms] (cancelled)
2024-09-08 22:35:50.429 [info] > git config --get commit.template [1ms]
2024-09-08 22:35:50.433 [info] > git for-each-ref --format=%(refname)%00%(upstream:short)%00%(objectname)%00%(upstream:track)%00%(upstream:remotename)%00%(upstream:remoteref) refs/heads/master refs/remotes/master [2ms]
2024-09-08 22:35:50.436 [warning] [Git][revParse] Unable to read file: ENOENT: no such file or directory, open '/home/husky/lab-1a-RichyRich20795/.git/refs/remotes/origin/master'
2024-09-08 22:35:50.437 [info] > git rev-parse refs/remotes/origin/master [1ms]
2024-09-08 22:35:50.451 [info] > git status -z -uall [10ms]
2024-09-08 22:35:50.460 [info] > git for-each-ref --format=%(refname)%00%(upstream:short)%00%(objectname)%00%(upstream:track)%00%(upstream:remotename)%00%(upstream:remoteref) refs/heads/master refs/remotes/master [6ms]
2024-09-08 22:35:50.465 [info] > git merge-base refs/heads/master refs/remotes/origin/master [7ms]
2024-09-08 22:35:50.470 [info] > git config --local branch.master.vscode-merge-base [7ms]
2024-09-08 22:35:50.564 [info] > git rev-list --count --left-right refs/heads/master...refs/remotes/origin/master [96ms]
2024-09-08 22:35:50.573 [info] > git for-each-ref --format=%(refname)%00%(upstream:short)%00%(objectname)%00%(upstream:track)%00%(upstream:remotename)%00%(upstream:remoteref) refs/heads/origin/master refs/remotes/origin/master [101ms]
2024-09-08 22:35:50.575 [info] > git diff --name-status -z --diff-filter=ADMR 4b4c5bda9d3d511b99298e8b6f96df6afd5745a1...refs/remotes/origin/master [8ms]
2024-09-08 22:35:50.777 [info] > git check-ignore -v -z --stdin [1ms]
2024-09-08 22:35:51.576 [info] > git config --get commit.template [2ms]
2024-09-08 22:35:51.577 [info] > git for-each-ref --format=%(refname)%00%(upstream:short)%00%(objectname)%00%(upstream:track)%00%(upstream:remotename)%00%(upstream:remoteref) refs/heads/master refs/remotes/master [1ms]
2024-09-08 22:35:51.579 [warning] [Git][revParse] Unable to read file: ENOENT: no such file or directory, open '/home/husky/lab-1a-RichyRich20795/.git/refs/remotes/origin/master'
2024-09-08 22:35:51.580 [info] > git rev-parse refs/remotes/origin/master [1ms]
2024-09-08 22:35:51.591 [info] > git status -z -uall [9ms]
2024-09-08 22:35:51.596 [info] > git for-each-ref --format=%(refname)%00%(upstream:short)%00%(objectname)%00%(upstream:track)%00%(upstream:remotename)%00%(upstream:remoteref) refs/heads/master refs/remotes/master [2ms]
2024-09-08 22:35:51.599 [info] > git config --local branch.master.vscode-merge-base [1ms]
2024-09-08 22:35:51.603 [info] > git for-each-ref --format=%(refname)%00%(upstream:short)%00%(objectname)%00%(upstream:track)%00%(upstream:remotename)%00%(upstream:remoteref) refs/heads/origin/master refs/remotes/origin/master [1ms]
2024-09-08 22:35:53.416 [info] > git log --format=%H%n%aN%n%aE%n%at%n%ct%n%P%n%D%n%B -z --shortstat --diff-merges=first-parent -n50 --skip=0 --topo-order --decorate=full 4b4c5bda9d3d511b99298e8b6f96df6afd5745a1 [28ms]
2024-09-08 22:35:53.553 [info] > git log --format=%H%n%aN%n%aE%n%at%n%ct%n%P%n%D%n%B -z --shortstat --diff-merges=first-parent -n50 --skip=0 --topo-order --decorate=full 4b4c5bda9d3d511b99298e8b6f96df6afd5745a1 [24ms]
2024-09-08 22:35:59.081 [info] > git log --format=%H%n%aN%n%aE%n%at%n%ct%n%P%n%D%n%B -z --shortstat --diff-merges=first-parent -n50 --skip=50 --topo-order --decorate=full 4b4c5bda9d3d511b99298e8b6f96df6afd5745a1 [16ms]
