2024-09-08 22:37:16.017 [info] [main] Log level: Info
2024-09-08 22:37:16.017 [info] [main] Validating found git in: "git"
2024-09-08 22:37:16.017 [info] [main] Using git "2.34.1" from "git"
2024-09-08 22:37:16.017 [info] [Model][doInitialScan] Initial repository scan started
2024-09-08 22:37:16.017 [info] > git rev-parse --show-toplevel [3ms]
2024-09-08 22:37:16.017 [info] fatal: not a git repository (or any of the parent directories): .git
2024-09-08 22:37:16.019 [info] > git rev-parse --show-toplevel [3ms]
2024-09-08 22:37:16.025 [info] > git rev-parse --git-dir --git-common-dir [1ms]
2024-09-08 22:37:16.044 [info] [Model][openRepository] Opened repository: /home/husky/lab1/lab-1a-RichyRich20795
2024-09-08 22:37:16.060 [info] > git rev-parse --show-toplevel [1ms]
2024-09-08 22:37:16.060 [info] fatal: not a git repository (or any of the parent directories): .git
2024-09-08 22:37:16.065 [info] [Model][doInitialScan] Initial repository scan completed - repositories (1), closed repositories (0), parent repositories (0), unsafe repositories (0)
2024-09-08 22:37:16.066 [info] > git config --get commit.template [10ms]
2024-09-08 22:37:16.103 [info] > git for-each-ref --format=%(refname)%00%(upstream:short)%00%(objectname)%00%(upstream:track)%00%(upstream:remotename)%00%(upstream:remoteref) refs/heads/master refs/remotes/master [33ms]
2024-09-08 22:37:16.117 [info] > git status -z -uall [10ms]
2024-09-08 22:37:16.138 [info] > git for-each-ref --format=%(refname)%00%(upstream:short)%00%(objectname)%00%(upstream:track)%00%(upstream:remotename)%00%(upstream:remoteref) refs/heads/master refs/remotes/master [17ms]
2024-09-08 22:37:16.163 [info] > git config --get commit.template [26ms]
2024-09-08 22:37:16.168 [info] > git config --local branch.master.vscode-merge-base [26ms]
2024-09-08 22:37:16.169 [warning] [Git][config] git config failed: Failed to execute git
2024-09-08 22:37:16.178 [info] > git reflog master --grep-reflog=branch: Created from *. [6ms]
2024-09-08 22:37:16.181 [info] > git for-each-ref --format=%(refname)%00%(upstream:short)%00%(objectname)%00%(upstream:track)%00%(upstream:remotename)%00%(upstream:remoteref) refs/heads/master refs/remotes/master [4ms]
2024-09-08 22:37:16.187 [info] > git symbolic-ref --short refs/remotes/origin/HEAD [6ms]
2024-09-08 22:37:16.191 [info] > git for-each-ref --format=%(refname)%00%(upstream:short)%00%(objectname)%00%(upstream:track)%00%(upstream:remotename)%00%(upstream:remoteref) refs/heads/origin/master refs/remotes/origin/master [1ms]
2024-09-08 22:37:16.194 [info] > git status -z -uall [8ms]
2024-09-08 22:37:16.203 [info] > git for-each-ref --format=%(refname)%00%(upstream:short)%00%(objectname)%00%(upstream:track)%00%(upstream:remotename)%00%(upstream:remoteref) refs/heads/master refs/remotes/master [5ms]
2024-09-08 22:37:16.206 [info] > git config --local branch.master.vscode-merge-base origin/master [12ms]
2024-09-08 22:37:16.210 [info] > git config --local branch.master.vscode-merge-base [4ms]
2024-09-08 22:37:16.213 [info] > git config --get commit.template [4ms]
2024-09-08 22:37:16.213 [info] > git for-each-ref --format=%(refname)%00%(upstream:short)%00%(objectname)%00%(upstream:track)%00%(upstream:remotename)%00%(upstream:remoteref) refs/heads/origin/master refs/remotes/origin/master [1ms]
2024-09-08 22:37:16.219 [info] > git merge-base refs/heads/master refs/remotes/origin/master [3ms]
2024-09-08 22:37:16.222 [info] > git for-each-ref --format=%(refname)%00%(upstream:short)%00%(objectname)%00%(upstream:track)%00%(upstream:remotename)%00%(upstream:remoteref) refs/heads/master refs/remotes/master [4ms]
2024-09-08 22:37:16.223 [info] > git rev-list --count --left-right refs/heads/master...refs/remotes/origin/master [2ms]
2024-09-08 22:37:16.229 [info] > git diff --name-status -z --diff-filter=ADMR 4b4c5bda9d3d511b99298e8b6f96df6afd5745a1...refs/remotes/origin/master [3ms]
2024-09-08 22:37:16.234 [info] > git status -z -uall [6ms]
2024-09-08 22:37:16.327 [info] > git for-each-ref --format=%(refname)%00%(upstream:short)%00%(objectname)%00%(upstream:track)%00%(upstream:remotename)%00%(upstream:remoteref) refs/heads/master refs/remotes/master [90ms]
2024-09-08 22:37:16.362 [info] > git config --local branch.master.vscode-merge-base [32ms]
2024-09-08 22:37:16.367 [info] > git for-each-ref --format=%(refname)%00%(upstream:short)%00%(objectname)%00%(upstream:track)%00%(upstream:remotename)%00%(upstream:remoteref) refs/heads/origin/master refs/remotes/origin/master [3ms]
2024-09-08 22:37:16.555 [info] > git check-ignore -v -z --stdin [1ms]
2024-09-08 22:37:17.339 [info] > git config --get commit.template [3ms]
2024-09-08 22:37:17.340 [info] > git for-each-ref --format=%(refname)%00%(upstream:short)%00%(objectname)%00%(upstream:track)%00%(upstream:remotename)%00%(upstream:remoteref) refs/heads/master refs/remotes/master [1ms]
2024-09-08 22:37:17.348 [info] > git status -z -uall [5ms]
2024-09-08 22:37:17.352 [info] > git for-each-ref --format=%(refname)%00%(upstream:short)%00%(objectname)%00%(upstream:track)%00%(upstream:remotename)%00%(upstream:remoteref) refs/heads/master refs/remotes/master [1ms]
2024-09-08 22:37:17.355 [info] > git config --local branch.master.vscode-merge-base [1ms]
2024-09-08 22:37:17.359 [info] > git for-each-ref --format=%(refname)%00%(upstream:short)%00%(objectname)%00%(upstream:track)%00%(upstream:remotename)%00%(upstream:remoteref) refs/heads/origin/master refs/remotes/origin/master [2ms]
2024-09-08 22:37:24.794 [info] > git check-ignore -v -z --stdin [1ms]
2024-09-08 22:37:30.247 [info] > git log --format=%H%n%aN%n%aE%n%at%n%ct%n%P%n%D%n%B -z --shortstat --diff-merges=first-parent -n50 --skip=0 --topo-order --decorate=full 4b4c5bda9d3d511b99298e8b6f96df6afd5745a1 [32ms]
2024-09-08 22:37:30.250 [info] > git rev-parse --show-toplevel [8ms]
2024-09-08 22:37:30.250 [info] fatal: not a git repository (or any of the parent directories): .git
2024-09-08 22:37:30.391 [info] > git log --format=%H%n%aN%n%aE%n%at%n%ct%n%P%n%D%n%B -z --shortstat --diff-merges=first-parent -n50 --skip=0 --topo-order --decorate=full 4b4c5bda9d3d511b99298e8b6f96df6afd5745a1 [25ms]
2024-09-08 22:37:30.743 [info] > git check-ignore -v -z --stdin [1ms]
2024-09-08 22:40:23.985 [info] > git add -A -- /home/husky/lab1/lab-1a-RichyRich20795/favicon.ico [22ms]
2024-09-08 22:40:23.991 [info] > git config --get commit.template [1ms]
2024-09-08 22:40:23.998 [info] > git for-each-ref --format=%(refname)%00%(upstream:short)%00%(objectname)%00%(upstream:track)%00%(upstream:remotename)%00%(upstream:remoteref) refs/heads/master refs/remotes/master [5ms]
2024-09-08 22:40:24.003 [info] > git status -z -uall [2ms]
2024-09-08 22:40:24.009 [info] > git for-each-ref --format=%(refname)%00%(upstream:short)%00%(objectname)%00%(upstream:track)%00%(upstream:remotename)%00%(upstream:remoteref) refs/heads/master refs/remotes/master [2ms]
2024-09-08 22:40:24.013 [info] > git config --local branch.master.vscode-merge-base [1ms]
2024-09-08 22:40:24.018 [info] > git for-each-ref --format=%(refname)%00%(upstream:short)%00%(objectname)%00%(upstream:track)%00%(upstream:remotename)%00%(upstream:remoteref) refs/heads/origin/master refs/remotes/origin/master [3ms]
2024-09-08 22:40:25.098 [info] > git config --get commit.template [3ms]
2024-09-08 22:40:25.098 [info] > git for-each-ref --format=%(refname)%00%(upstream:short)%00%(objectname)%00%(upstream:track)%00%(upstream:remotename)%00%(upstream:remoteref) refs/heads/master refs/remotes/master [2ms]
2024-09-08 22:40:25.102 [info] > git status -z -uall [1ms]
2024-09-08 22:40:25.108 [info] > git for-each-ref --format=%(refname)%00%(upstream:short)%00%(objectname)%00%(upstream:track)%00%(upstream:remotename)%00%(upstream:remoteref) refs/heads/master refs/remotes/master [2ms]
2024-09-08 22:40:25.112 [info] > git config --local branch.master.vscode-merge-base [0ms]
2024-09-08 22:40:25.116 [info] > git for-each-ref --format=%(refname)%00%(upstream:short)%00%(objectname)%00%(upstream:track)%00%(upstream:remotename)%00%(upstream:remoteref) refs/heads/origin/master refs/remotes/origin/master [1ms]
2024-09-08 22:40:40.367 [info] > git -c user.useConfigOnly=true commit --quiet [5ms]
2024-09-08 22:40:40.367 [info] Author identity unknown

*** Please tell me who you are.

Run

  git config --global user.email "you@example.com"
  git config --global user.name "Your Name"

to set your account's default identity.
Omit --global to set the identity only in this repository.

fatal: no email was given and auto-detection is disabled
2024-09-08 22:40:40.370 [info] > git config --get-all user.name [1ms]
2024-09-08 22:40:40.374 [info] > git config --get-all user.email [1ms]
2024-09-08 22:40:40.380 [info] > git config --get commit.template [3ms]
2024-09-08 22:40:40.381 [info] > git for-each-ref --format=%(refname)%00%(upstream:short)%00%(objectname)%00%(upstream:track)%00%(upstream:remotename)%00%(upstream:remoteref) refs/heads/master refs/remotes/master [2ms]
2024-09-08 22:40:40.387 [info] > git status -z -uall [2ms]
2024-09-08 22:40:40.398 [info] > git for-each-ref --format=%(refname)%00%(upstream:short)%00%(objectname)%00%(upstream:track)%00%(upstream:remotename)%00%(upstream:remoteref) refs/heads/master refs/remotes/master [6ms]
2024-09-08 22:40:40.401 [info] > git config --local branch.master.vscode-merge-base [0ms]
2024-09-08 22:40:40.406 [info] > git for-each-ref --format=%(refname)%00%(upstream:short)%00%(objectname)%00%(upstream:track)%00%(upstream:remotename)%00%(upstream:remoteref) refs/heads/origin/master refs/remotes/origin/master [1ms]
2024-09-08 22:40:44.639 [info] > git config --get commit.template [5ms]
2024-09-08 22:40:44.640 [info] > git for-each-ref --format=%(refname)%00%(upstream:short)%00%(objectname)%00%(upstream:track)%00%(upstream:remotename)%00%(upstream:remoteref) refs/heads/master refs/remotes/master [2ms]
2024-09-08 22:40:44.645 [info] > git status -z -uall [2ms]
2024-09-08 22:40:44.650 [info] > git for-each-ref --format=%(refname)%00%(upstream:short)%00%(objectname)%00%(upstream:track)%00%(upstream:remotename)%00%(upstream:remoteref) refs/heads/master refs/remotes/master [2ms]
2024-09-08 22:40:44.654 [info] > git config --local branch.master.vscode-merge-base [1ms]
2024-09-08 22:40:44.658 [info] > git for-each-ref --format=%(refname)%00%(upstream:short)%00%(objectname)%00%(upstream:track)%00%(upstream:remotename)%00%(upstream:remoteref) refs/heads/origin/master refs/remotes/origin/master [1ms]
2024-09-08 22:40:55.389 [info] > git -c user.useConfigOnly=true commit --quiet [3ms]
2024-09-08 22:40:55.389 [info] Author identity unknown

*** Please tell me who you are.

Run

  git config --global user.email "you@example.com"
  git config --global user.name "Your Name"

to set your account's default identity.
Omit --global to set the identity only in this repository.

fatal: no email was given and auto-detection is disabled
2024-09-08 22:40:55.392 [info] > git config --get-all user.name [1ms]
2024-09-08 22:40:55.396 [info] > git config --get-all user.email [1ms]
2024-09-08 22:40:55.403 [info] > git config --get commit.template [4ms]
2024-09-08 22:40:55.404 [info] > git for-each-ref --format=%(refname)%00%(upstream:short)%00%(objectname)%00%(upstream:track)%00%(upstream:remotename)%00%(upstream:remoteref) refs/heads/master refs/remotes/master [2ms]
2024-09-08 22:40:55.408 [info] > git status -z -uall [1ms]
2024-09-08 22:40:55.415 [info] > git for-each-ref --format=%(refname)%00%(upstream:short)%00%(objectname)%00%(upstream:track)%00%(upstream:remotename)%00%(upstream:remoteref) refs/heads/master refs/remotes/master [4ms]
2024-09-08 22:40:55.419 [info] > git config --local branch.master.vscode-merge-base [1ms]
2024-09-08 22:40:55.427 [info] > git for-each-ref --format=%(refname)%00%(upstream:short)%00%(objectname)%00%(upstream:track)%00%(upstream:remotename)%00%(upstream:remoteref) refs/heads/origin/master refs/remotes/origin/master [4ms]
2024-09-08 22:41:13.621 [info] > git -c user.useConfigOnly=true commit --quiet [2ms]
2024-09-08 22:41:13.621 [info] Author identity unknown

*** Please tell me who you are.

Run

  git config --global user.email "you@example.com"
  git config --global user.name "Your Name"

to set your account's default identity.
Omit --global to set the identity only in this repository.

fatal: no email was given and auto-detection is disabled
2024-09-08 22:41:13.626 [info] > git config --get-all user.name [0ms]
2024-09-08 22:41:13.629 [info] > git config --get-all user.email [1ms]
2024-09-08 22:41:13.637 [info] > git config --get commit.template [4ms]
2024-09-08 22:41:13.637 [info] > git for-each-ref --format=%(refname)%00%(upstream:short)%00%(objectname)%00%(upstream:track)%00%(upstream:remotename)%00%(upstream:remoteref) refs/heads/master refs/remotes/master [2ms]
2024-09-08 22:41:13.643 [info] > git status -z -uall [2ms]
2024-09-08 22:41:13.649 [info] > git for-each-ref --format=%(refname)%00%(upstream:short)%00%(objectname)%00%(upstream:track)%00%(upstream:remotename)%00%(upstream:remoteref) refs/heads/master refs/remotes/master [3ms]
2024-09-08 22:41:13.653 [info] > git config --local branch.master.vscode-merge-base [1ms]
2024-09-08 22:41:13.658 [info] > git for-each-ref --format=%(refname)%00%(upstream:short)%00%(objectname)%00%(upstream:track)%00%(upstream:remotename)%00%(upstream:remoteref) refs/heads/origin/master refs/remotes/origin/master [2ms]
2024-09-08 22:41:21.666 [info] > git -c user.useConfigOnly=true commit --quiet [1ms]
2024-09-08 22:41:21.666 [info] Author identity unknown

*** Please tell me who you are.

Run

  git config --global user.email "you@example.com"
  git config --global user.name "Your Name"

to set your account's default identity.
Omit --global to set the identity only in this repository.

fatal: no email was given and auto-detection is disabled
2024-09-08 22:41:21.670 [info] > git config --get-all user.name [1ms]
2024-09-08 22:41:21.673 [info] > git config --get-all user.email [1ms]
2024-09-08 22:41:21.680 [info] > git config --get commit.template [3ms]
2024-09-08 22:41:21.681 [info] > git for-each-ref --format=%(refname)%00%(upstream:short)%00%(objectname)%00%(upstream:track)%00%(upstream:remotename)%00%(upstream:remoteref) refs/heads/master refs/remotes/master [1ms]
2024-09-08 22:41:21.686 [info] > git status -z -uall [1ms]
2024-09-08 22:41:21.693 [info] > git for-each-ref --format=%(refname)%00%(upstream:short)%00%(objectname)%00%(upstream:track)%00%(upstream:remotename)%00%(upstream:remoteref) refs/heads/master refs/remotes/master [4ms]
2024-09-08 22:41:21.697 [info] > git config --local branch.master.vscode-merge-base [1ms]
2024-09-08 22:41:21.704 [info] > git for-each-ref --format=%(refname)%00%(upstream:short)%00%(objectname)%00%(upstream:track)%00%(upstream:remotename)%00%(upstream:remoteref) refs/heads/origin/master refs/remotes/origin/master [3ms]
2024-09-08 23:34:52.642 [info] > git config --get commit.template [8ms]
2024-09-08 23:34:52.646 [info] > git for-each-ref --format=%(refname)%00%(upstream:short)%00%(objectname)%00%(upstream:track)%00%(upstream:remotename)%00%(upstream:remoteref) refs/heads/master refs/remotes/master [7ms]
2024-09-08 23:34:52.658 [info] > git status -z -uall [7ms]
2024-09-08 23:34:52.670 [info] > git for-each-ref --format=%(refname)%00%(upstream:short)%00%(objectname)%00%(upstream:track)%00%(upstream:remotename)%00%(upstream:remoteref) refs/heads/master refs/remotes/master [7ms]
2024-09-08 23:34:52.674 [info] > git config --local branch.master.vscode-merge-base [1ms]
2024-09-08 23:34:52.680 [info] > git for-each-ref --format=%(refname)%00%(upstream:short)%00%(objectname)%00%(upstream:track)%00%(upstream:remotename)%00%(upstream:remoteref) refs/heads/origin/master refs/remotes/origin/master [1ms]
2024-09-08 23:34:52.685 [info] > git merge-base refs/heads/master refs/remotes/origin/master [2ms]
2024-09-08 23:34:52.692 [info] > git rev-list --count --left-right refs/heads/master...refs/remotes/origin/master [2ms]
2024-09-08 23:34:52.697 [info] > git diff --name-status -z --diff-filter=ADMR b71004ba9b922392b5b868a8ff1827ea1c6c5a4c...refs/remotes/origin/master [2ms]
2024-09-08 23:34:52.789 [info] > git log --format=%H%n%aN%n%aE%n%at%n%ct%n%P%n%D%n%B -z --shortstat --diff-merges=first-parent -n50 --skip=0 --topo-order --decorate=full b71004ba9b922392b5b868a8ff1827ea1c6c5a4c [29ms]
