2024-09-23 19:30:43.634 [info] [main] Log level: Info
2024-09-23 19:30:43.634 [info] [main] Validating found git in: "git"
2024-09-23 19:30:43.634 [info] [main] Using git "2.34.1" from "git"
2024-09-23 19:30:43.634 [info] [Model][doInitialScan] Initial repository scan started
2024-09-23 19:30:43.634 [info] > git rev-parse --show-toplevel [6ms]
2024-09-23 19:30:43.639 [info] > git rev-parse --git-dir --git-common-dir [1ms]
2024-09-23 19:30:43.660 [info] [Model][openRepository] Opened repository: /home/husky/lab-1b-RichyRich20795
2024-09-23 19:30:43.725 [info] > git rev-parse --show-toplevel [10ms]
2024-09-23 19:30:43.726 [info] > git config --get commit.template [12ms]
2024-09-23 19:30:43.737 [info] > git rev-parse --show-toplevel [6ms]
2024-09-23 19:30:43.741 [info] > git rev-parse --show-toplevel [1ms]
2024-09-23 19:30:43.745 [info] [Model][doInitialScan] Initial repository scan completed - repositories (1), closed repositories (0), parent repositories (0), unsafe repositories (0)
2024-09-23 19:30:43.747 [info] > git for-each-ref --format=%(refname)%00%(upstream:short)%00%(objectname)%00%(upstream:track)%00%(upstream:remotename)%00%(upstream:remoteref) refs/heads/master refs/remotes/master [12ms]
2024-09-23 19:30:43.760 [info] > git status -z -uall [6ms]
2024-09-23 19:30:43.780 [info] > git for-each-ref --format=%(refname)%00%(upstream:short)%00%(objectname)%00%(upstream:track)%00%(upstream:remotename)%00%(upstream:remoteref) refs/heads/master refs/remotes/master [13ms]
2024-09-23 19:30:43.786 [info] > git config --get commit.template [7ms]
2024-09-23 19:30:43.786 [info] > git config --local branch.master.vscode-merge-base [2ms]
2024-09-23 19:30:43.796 [info] > git for-each-ref --format=%(refname)%00%(upstream:short)%00%(objectname)%00%(upstream:track)%00%(upstream:remotename)%00%(upstream:remoteref) refs/heads/master refs/remotes/master [3ms]
2024-09-23 19:30:43.797 [info] > git for-each-ref --format=%(refname)%00%(upstream:short)%00%(objectname)%00%(upstream:track)%00%(upstream:remotename)%00%(upstream:remoteref) refs/heads/origin/master refs/remotes/origin/master [7ms]
2024-09-23 19:30:43.807 [info] > git merge-base refs/heads/master refs/remotes/origin/master [5ms]
2024-09-23 19:30:43.812 [info] > git status -z -uall [6ms]
2024-09-23 19:30:43.821 [info] > git for-each-ref --format=%(refname)%00%(upstream:short)%00%(objectname)%00%(upstream:track)%00%(upstream:remotename)%00%(upstream:remoteref) refs/heads/master refs/remotes/master [4ms]
2024-09-23 19:30:43.825 [info] > git rev-list --count --left-right refs/heads/master...refs/remotes/origin/master [15ms]
2024-09-23 19:30:43.829 [info] > git config --local branch.master.vscode-merge-base [4ms]
2024-09-23 19:30:43.834 [info] > git diff --name-status -z --diff-filter=ADMR 8cfb67e9fa17cbc02de45f2ccc917b92e43a9702...refs/remotes/origin/master [6ms]
2024-09-23 19:30:43.835 [info] > git for-each-ref --format=%(refname)%00%(upstream:short)%00%(objectname)%00%(upstream:track)%00%(upstream:remotename)%00%(upstream:remoteref) refs/heads/origin/master refs/remotes/origin/master [2ms]
2024-09-23 19:30:44.069 [info] > git show --textconv :src/index.html [4ms]
2024-09-23 19:30:44.071 [info] > git ls-files --stage -- /home/husky/lab-1b-RichyRich20795/src/index.html [2ms]
2024-09-23 19:30:44.075 [info] > git cat-file -s dc0b530998e45363cb0266dedd2a89b0ddcf9942 [2ms]
2024-09-23 19:30:44.177 [info] > git check-ignore -v -z --stdin [1ms]
2024-09-23 19:30:52.465 [info] > git show --textconv :src/js/script.js [6ms]
2024-09-23 19:30:52.467 [info] > git ls-files --stage -- /home/husky/lab-1b-RichyRich20795/src/js/script.js [3ms]
2024-09-23 19:30:52.472 [info] > git cat-file -s e0628f3240fde17d4ddc0d6e69511d6b60965c78 [1ms]
2024-09-23 19:30:53.804 [info] > git show --textconv :src/index.html [4ms]
2024-09-23 19:30:53.805 [info] > git ls-files --stage -- /home/husky/lab-1b-RichyRich20795/src/index.html [2ms]
2024-09-23 19:30:53.809 [info] > git cat-file -s dc0b530998e45363cb0266dedd2a89b0ddcf9942 [1ms]
