2024-09-23 19:31:52.798 [info] Extension host with pid 1367 started
2024-09-23 19:31:52.818 [info] Lock '/home/husky/.vscode-server/data/User/workspaceStorage/3682719b706b5bea872a805c3381d264/vscode.lock': Lock acquired.
2024-09-23 19:31:52.861 [info] ExtensionService#_doActivateExtension vscode.git-base, startup: true, activationEvent: '*'
2024-09-23 19:31:52.927 [info] ExtensionService#_doActivateExtension vscode.github, startup: true, activationEvent: '*'
2024-09-23 19:31:53.033 [info] Eager extensions activated
2024-09-23 19:31:53.034 [info] ExtensionService#_doActivateExtension vscode.debug-auto-launch, startup: false, activationEvent: 'onStartupFinished'
2024-09-23 19:31:53.034 [info] ExtensionService#_doActivateExtension vscode.merge-conflict, startup: false, activationEvent: 'onStartupFinished'
2024-09-23 19:31:53.596 [info] ExtensionService#_doActivateExtension vscode.git, startup: false, activationEvent: 'api', root cause: vscode.github
2024-09-23 19:31:53.809 [info] ExtensionService#_doActivateExtension vscode.emmet, startup: false, activationEvent: 'onLanguage'
2024-09-23 19:32:08.108 [info] ExtensionService#_doActivateExtension vscode.html-language-features, startup: false, activationEvent: 'onLanguage:html'
2024-09-23 19:32:08.108 [info] ExtensionService#_doActivateExtension igordvlpr.open-in-browser, startup: false, activationEvent: 'onLanguage:html'
2024-09-23 19:32:11.120 [info] ExtensionService#_doActivateExtension vscode.typescript-language-features, startup: false, activationEvent: 'onLanguage:javascript'
2024-09-23 19:32:13.716 [info] ExtensionService#_doActivateExtension vscode.css-language-features, startup: false, activationEvent: 'onLanguage:css'
2024-09-23 20:10:29.800 [info] ExtensionService#_doActivateExtension ms-vscode.live-server, startup: false, activationEvent: 'onCommand:livePreview.start.preview.atFile'
2024-09-23 20:10:30.867 [info] ExtensionService#_doActivateExtension vscode.tunnel-forwarding, startup: false, activationEvent: 'onTunnel'
2024-09-23 23:24:22.949 [info] Extension host terminating: received terminate message from renderer
2024-09-23 23:24:22.951 [info] Lock '/home/husky/.vscode-server/data/User/workspaceStorage/3682719b706b5bea872a805c3381d264/vscode.lock': Marking the lockfile as scheduled to be released in 6000 ms.
2024-09-23 23:24:23.122 [error] Canceled: Canceled
	at new D (/home/husky/.vscode-server/bin/38c31bc77e0dd6ae88a4e9cc93428cc27a56ba40/out/vs/workbench/api/node/extensionHostProcess.js:151:35235)
	at y.U (/home/husky/.vscode-server/bin/38c31bc77e0dd6ae88a4e9cc93428cc27a56ba40/out/vs/workbench/api/node/extensionHostProcess.js:158:6005)
	at V.<computed>.F.charCodeAt.A.CharCode.DollarSign.V.<computed> (/home/husky/.vscode-server/bin/38c31bc77e0dd6ae88a4e9cc93428cc27a56ba40/out/vs/workbench/api/node/extensionHostProcess.js:158:3107)
	at h.g (/home/husky/.vscode-server/bin/38c31bc77e0dd6ae88a4e9cc93428cc27a56ba40/out/vs/workbench/api/node/extensionHostProcess.js:161:210015)
	at h.executeCommand (/home/husky/.vscode-server/bin/38c31bc77e0dd6ae88a4e9cc93428cc27a56ba40/out/vs/workbench/api/node/extensionHostProcess.js:161:209453)
	at C.registerCommand.description (/home/husky/.vscode-server/bin/38c31bc77e0dd6ae88a4e9cc93428cc27a56ba40/out/vs/workbench/api/node/extensionHostProcess.js:161:208777)
	at h (/home/husky/.vscode-server/bin/38c31bc77e0dd6ae88a4e9cc93428cc27a56ba40/out/vs/workbench/api/node/extensionHostProcess.js:161:210554)
	at h.g (/home/husky/.vscode-server/bin/38c31bc77e0dd6ae88a4e9cc93428cc27a56ba40/out/vs/workbench/api/node/extensionHostProcess.js:161:209546)
	at h.executeCommand (/home/husky/.vscode-server/bin/38c31bc77e0dd6ae88a4e9cc93428cc27a56ba40/out/vs/workbench/api/node/extensionHostProcess.js:161:209453)
	at Object.executeCommand (/home/husky/.vscode-server/bin/38c31bc77e0dd6ae88a4e9cc93428cc27a56ba40/out/vs/workbench/api/node/extensionHostProcess.js:171:30683)
	at i.O [as value] (/home/husky/.vscode-server/bin/38c31bc77e0dd6ae88a4e9cc93428cc27a56ba40/extensions/git/dist/main.js:2:952009)
	at r.B (/home/husky/.vscode-server/bin/38c31bc77e0dd6ae